number,value,datetime_start,datetime_complete,duration,params_be_lock,params_be_trigger,params_daily_loss_pct,params_ema_slope_cap,params_h1_rsi_max,params_h1_rsi_min,params_lon_close,params_lon_open,params_max_concurrent,params_max_consec,params_monday_lot,params_ny_close,params_ny_open,params_risk_pct,params_rsi_slope_gate,params_sl_atr_mult,params_sl_max_mult,params_sl_min_mult,params_stoch_bear_floor,params_stoch_bull_cap,params_thursday_lot,params_tp_rr,params_vol_min_z,params_weekly_dd_pct,state
0,0.0,2026-04-17 22:10:42.350180,2026-04-17 22:10:42.355185,0 days 00:00:00.005005,1.201975341512912,2.9361118426546193,0.062484354667762726,4.195724675842024,50.567663137948074,40.54554954089941,11,7,4,5,0.6460723242676091,16,13,0.003987421406859391,1.9428287191077893,1.4367182020405163,2.96398788362281,1.4507143064099162,16.92085933774804,80.17211813031214,0.6831809216468459,2.8762437557517027,-0.5753217786434477,0.05308767414437037,COMPLETE
1,75.33799241064992,2026-04-17 22:10:42.359187,2026-04-17 22:13:36.074369,0 days 00:02:53.715182,0.7090268572399898,5.554487413172255,0.0769331322352,1.6621460920321791,54.16213491235442,47.579262371170195,14,6,1,2,0.6558555380447055,19,12,0.013328262482324452,1.6359549614212763,1.5753189731689612,1.8993475643167195,1.2851759613930136,16.418007471891592,77.07464999236124,0.7600340105889054,2.6398564275581125,-0.8046557719872323,0.19484480496118395,COMPLETE
2,22.71824479792309,2026-04-17 22:13:36.079329,2026-04-17 22:17:04.665505,0 days 00:03:28.586176,4.526723076924419,7.6369936493851345,0.03175897174514871,2.0656509905095137,52.99454657371025,49.602325128127006,14,6,4,2,0.8861223846483287,20,11,0.013164299639788449,0.7181276284502022,1.7294074748835753,3.439169255529117,0.684854455525527,17.225833413690225,79.77588666468547,0.5993578407670862,3.3703719054111207,-0.4573019364522082,0.056784093336580715,COMPLETE
3,0.0,2026-04-17 22:17:04.668508,2026-04-17 22:17:04.672503,0 days 00:00:00.003995,0.8332009328034067,6.627622080115675,0.057397887609653475,1.6927151442351784,56.92580459897299,48.214486496732896,13,6,1,7,0.8854835899772805,18,14,0.009093917385252635,0.2207608655434449,0.8093875991101241,2.9137146876952342,1.3154614284548343,16.02765372775314,90.08261662379755,0.7468977981821954,3.241220070514764,-0.3496333559465059,0.09963470372789739,COMPLETE
4,0.0,2026-04-17 22:17:04.674431,2026-04-17 22:17:04.679591,0 days 00:00:00.005160,3.3638468506870116,2.1885751141204057,0.0349575337489325,1.2982311943597877,50.25709802155606,42.05652034079275,14,8,3,7,0.9462794992449889,16,14,0.008344051678297555,1.5355471632317925,1.68864580994939,1.5508382534881904,0.9275410183585496,21.73804645259509,90.80486008982375,0.7696711209578253,1.5020959955812523,-0.846040180342414,0.11155743845534447,COMPLETE
5,0.0,2026-04-17 22:17:04.680591,2026-04-17 22:17:04.684584,0 days 00:00:00.003993,2.4219850488181534,3.36761097525165,0.05064483815465394,0.7753537632016774,52.524841048290575,51.20073585477527,14,7,4,2,0.7486242529461927,17,14,0.016906251020682384,0.5220048398943875,2.1726482637789064,2.1360069499437278,1.3960912999234933,19.951322301218024,83.81944056963722,0.6504391549083848,1.508145388677495,-0.3247696571927441,0.11261165047231686,COMPLETE
6,89.10851558993355,2026-04-17 22:17:04.687223,2026-04-17 22:20:50.324361,0 days 00:03:45.637138,1.7539090890647515,2.3088725074999363,0.04936716561665378,3.426250627548217,58.195028880566035,41.32692561589359,12,8,1,2,0.6603900324858679,20,11,0.018440520061433114,0.5599050158718508,1.284228840441695,2.7191286679597937,0.5368869473545328,18.74919912009085,81.25231325622731,0.5932592551999272,2.607501265040812,0.5232392306574352,0.19784756811659016,COMPLETE
7,0.0,2026-04-17 22:20:50.326365,2026-04-17 22:20:50.332017,0 days 00:00:00.005652,1.5192309883907207,5.072558349795686,0.04320412077803225,1.8371184850412408,60.28275094733374,50.94571065589988,12,9,1,6,0.5465513839029497,17,13,0.013967937436960648,0.36128979387738713,0.8693177406430987,2.855128723684565,1.090892943188242,19.219728782581043,79.38500767115764,0.9486078789766634,1.2464459209979972,-0.7730529575188219,0.19050949831051023,COMPLETE
8,0.0,2026-04-17 22:20:50.333964,2026-04-17 22:20:50.339016,0 days 00:00:00.005052,4.536996169786597,6.355734073221436,0.02504839789970293,3.110859486366032,57.289024767512785,39.42060160012445,13,8,4,5,0.8560896106737679,17,13,0.018080469212506996,1.8072529582014505,2.330710697177662,2.1780595820974016,1.133101457273268,10.733736874097477,75.08604692538572,0.6186245437484,2.1777868089154504,-0.9816058967667407,0.07424430711419207,COMPLETE
9,38.96289927954356,2026-04-17 22:20:50.340017,2026-04-17 22:24:07.508921,0 days 00:03:17.168904,3.057388715009622,5.94567735380206,0.03463937860274501,4.481823464850144,55.036919303472686,49.12735824958308,13,6,2,3,0.822736147953584,16,12,0.004592471053077573,0.8468856768668447,1.3531794868707552,2.7992657980944293,1.2464914051180243,16.372800794920686,84.8073660386481,0.5885553397035245,3.5778255493836983,0.2622772519945258,0.19595158321286688,COMPLETE
10,83.94759977180193,2026-04-17 22:24:07.510912,2026-04-17 22:27:22.094041,0 days 00:03:14.583129,2.1121098069757887,3.989705086685459,0.06949643799510732,3.0908890452206506,61.09786626513995,43.578237964318696,10,9,2,4,0.5287812554445286,20,11,0.01953938819147067,1.2141884278354662,1.1529520307565804,3.4390742215757313,0.5059971829558174,24.93223776893623,86.80345780511777,0.5252181817916847,2.0889522625649737,0.9783777370278763,0.15775705732126288,COMPLETE
11,98.12704575542591,2026-04-17 22:27:22.097043,2026-04-17 22:30:22.506081,0 days 00:03:00.409038,2.088067064731035,4.019648073191926,0.07239870037577445,3.2229896161198015,61.94423785105699,43.935793313917436,10,9,2,4,0.5194550263777282,20,11,0.019989161456906372,1.1222782004510512,1.1647404264733148,3.465539198199776,0.5335858849344722,24.27183698717724,87.05739107218808,0.5014195062409832,2.152909787024437,0.93067589213091,0.15519725005203464,COMPLETE
12,67.75879029840411,2026-04-17 22:30:22.510096,2026-04-17 22:31:34.387217,0 days 00:01:11.877121,1.8807516589767792,4.080745363694371,0.07877878998087376,3.665338306691374,58.72330809521219,45.587641447718255,10,9,2,4,0.6255773118034988,19,11,0.016324033773664887,1.1962034303903881,1.144004377895266,2.52698541222318,0.50888537363799,24.44211166632994,87.09378753646624,0.5084366099705521,2.1988957203514823,0.8507044833758532,0.15822049870481716,COMPLETE
13,0.0,2026-04-17 22:31:34.389182,2026-04-17 22:32:49.548839,0 days 00:01:15.159657,3.5796675365735195,2.074678597525297,0.051123892373689764,4.958130541489277,61.54459173131602,38.14435952274863,11,8,3,3,0.7345866424792951,19,12,0.019800969956234097,0.9422302947030954,1.1441358590726916,3.1667083008149954,0.7640703664623703,12.8341231764878,82.10861939879526,0.8893396964599745,2.8230946723792245,0.4904651494778301,0.1553575105556565,COMPLETE
14,43.072357334570206,2026-04-17 22:32:49.549839,2026-04-17 22:34:12.156654,0 days 00:01:22.606815,2.6162571788513844,4.266493373036884,0.06401892794328869,2.8765942728590095,59.030694227305666,44.38212793927081,11,9,1,3,0.5821718262630846,20,11,0.015590650574818211,0.6110131991958545,1.986764288009182,2.4671492725764317,0.7232983344834855,22.302292894639066,88.18129190272168,0.5509561020833975,1.9142192885405245,0.6118443812077473,0.1714340669491443,COMPLETE
15,129.39752035423945,2026-04-17 22:34:12.158651,2026-04-17 22:35:37.679390,0 days 00:01:25.520739,1.5957950522053739,2.9410470624481664,0.04366698585433801,3.73721502524267,61.980997234391616,42.08127322311475,12,8,2,4,0.51049640833885,19,12,0.010858127474391402,1.3203084843195656,1.2744692600035479,2.5738530626383365,0.8812131864220534,8.66555965694102,82.1972999990755,0.5005779894707794,3.8778782614547787,0.12099241242839542,0.1349147050264509,COMPLETE
16,145.92688820365188,2026-04-17 22:35:37.680442,2026-04-17 22:37:00.175552,0 days 00:01:22.495110,1.295830417834242,3.2846278488518843,0.04191684432264201,3.939357594960433,60.11994389349325,45.743083576409624,10,7,3,4,0.5213725900398208,19,12,0.01027527552816517,1.403265086069753,0.9480864944183545,3.1568678116408595,0.9032178740822739,8.472739538010751,85.26440765889328,0.8429581408060458,3.9315780208361404,-0.1053137915457967,0.14265083495408262,COMPLETE
17,117.89542329931706,2026-04-17 22:37:00.176552,2026-04-17 22:38:23.062074,0 days 00:01:22.885522,1.344417065617464,3.1836313490385666,0.042008763265522324,4.053806185842427,60.08872049938773,46.077461028870324,11,7,3,5,0.570971561732272,18,12,0.010166447127430117,1.3947742262901106,0.9503673449003524,3.141786415861514,0.9060796072134063,8.222320884456277,84.71331095727841,0.8548469018528332,3.9640777557905866,-0.011704415789725225,0.13542541381792916,COMPLETE
18,93.5266867171357,2026-04-17 22:38:23.063076,2026-04-17 22:39:58.419739,0 days 00:01:35.356663,0.5275201683869253,2.879720219432138,0.02256287374440371,2.572297088898135,55.95065109209702,42.856960725348195,12,7,3,6,0.5089614288081877,19,12,0.006993668096921333,1.404633621643823,0.9713779689355684,2.50466678978805,0.8553872142362664,8.330497597819999,77.61303561656355,0.8489689261845557,3.995790725138378,-0.025169871152364076,0.1373313400780682,COMPLETE
19,101.49404289815527,2026-04-17 22:39:58.421696,2026-04-17 22:41:11.101450,0 days 00:01:12.679754,1.1300682970912854,4.849785535896666,0.04210995183101025,4.7490536890613635,59.78899177571444,46.5895860071768,10,7,3,4,0.7133456145286303,18,13,0.010780445382712792,1.6708592724539286,1.8301198606913458,3.20686830120136,1.0430552214846889,12.666791365865706,82.23918007003623,0.998532727089897,3.623849863670276,0.2086743967426931,0.0882515846702085,COMPLETE
20,98.29761040831859,2026-04-17 22:41:11.102450,2026-04-17 22:42:40.201991,0 days 00:01:29.099541,3.7338144138803395,3.5470853174211934,0.028948502563239147,3.9045960774620747,48.59364255284122,40.17837340910897,12,8,2,6,0.7998239546498367,18,12,0.006799195528874759,1.395192156376171,1.509622467994825,2.228865226627564,0.8273128545959916,10.100757107763355,85.87829584298105,0.8115947618903252,3.177756607298555,-0.169737871807144,0.12934920925643537,COMPLETE
21,133.79232312096104,2026-04-17 22:42:40.203945,2026-04-17 22:44:05.772424,0 days 00:01:25.568479,1.3631452262907147,2.8468215442662226,0.04142009997204597,3.9884268465935624,60.30428359976593,45.545768482975106,11,7,3,5,0.5892606865662456,18,12,0.010585537348933007,1.3692539128433845,1.0252207504666966,3.134274544205823,0.9668449195826836,8.612919299153727,83.88281395452844,0.8951174073552459,3.968932955607582,0.1507306813926965,0.13926301309041236,COMPLETE
22,129.31229872041573,2026-04-17 22:44:05.773421,2026-04-17 22:45:40.128065,0 days 00:01:34.354644,1.6305617741715093,2.5321964281683016,0.04094666388119227,4.401433767579867,60.77716759786025,44.985573582664784,11,7,3,5,0.5821145808361095,19,12,0.01196537447370129,1.2890894546093608,1.002421345055059,3.10763193128855,0.9745992873454841,10.605819979507153,83.19116487859158,0.9226423439637228,3.7180411536129983,0.17636312364044093,0.14430071212410248,COMPLETE
23,102.6113488855674,2026-04-17 22:45:40.130067,2026-04-17 22:47:00.509016,0 days 00:01:20.378949,0.9123346622552204,2.7139367647543566,0.04643430473828561,3.7693065343039303,57.87786136693667,42.4378703854837,10,7,3,3,0.6056195478348124,18,12,0.01140568881749168,1.0338390123853556,1.2980908648674583,2.6667922408074376,1.1646055307660335,13.20090856240456,83.51641436444658,0.6908284087907096,3.7842514144872923,0.32361638289823824,0.11267855734622285,COMPLETE
24,134.26780264541776,2026-04-17 22:47:00.510017,2026-04-17 22:48:31.911814,0 days 00:01:31.401797,2.1695377162975396,3.3511299770323677,0.03846328127023653,3.6298665114139137,59.351251480042926,46.93347202474098,11,8,2,4,0.5041880714751714,19,13,0.008436479879363286,1.5500402834212885,1.0458394511720894,3.249640273759519,1.0163646010929526,9.456871401522902,88.38751271236426,0.8088757392288907,3.450653947663005,-0.1240968087778809,0.1240344193864188,COMPLETE
25,0.0,2026-04-17 22:48:31.913817,2026-04-17 22:48:31.962446,0 days 00:00:00.048629,2.3057090517825736,3.608351693132155,0.0370584124074717,2.3544879754263306,59.37115292781819,47.336974635978706,11,7,3,5,0.5520671562760968,19,13,0.0064504297489188095,1.5743895708537936,0.8009066807255163,3.272958930423709,1.0010848927805114,9.761067864269801,89.07480712588256,0.8067684941240232,3.463081271501223,-0.20584698330490986,0.17690392496037727,COMPLETE
26,0.0,2026-04-17 22:48:31.964406,2026-04-17 22:48:32.015949,0 days 00:00:00.051543,2.77901482086146,4.7806111228387635,0.057526183001352954,3.405091778478697,57.00212166484002,46.67939733593575,11,8,2,6,0.6748694753065926,17,13,0.008846528853018117,1.8056029085120269,1.0423405489976967,3.015547967848731,1.046296596133972,11.940212481993404,91.92735504277488,0.8903771710732115,3.0707095626771244,-0.1118751680755021,0.11945330166732698,COMPLETE
27,181.12547123841574,2026-04-17 22:48:32.016949,2026-04-17 22:50:17.174908,0 days 00:01:45.157959,1.0623602495188367,3.6082660821165606,0.03764102151198497,4.439369695171766,55.82056156878654,45.15489990226157,10,7,3,4,0.6087678232635326,18,13,0.0054347700951593095,1.4882390000553782,1.086732536850091,3.283113121685583,0.6419491854697466,14.532272863761598,85.50669211910382,0.9607125008501005,3.4359034284622876,-0.5578004121712707,0.09725494795014569,COMPLETE
28,131.7080560841338,2026-04-17 22:50:17.176909,2026-04-17 22:52:07.985074,0 days 00:01:50.808165,1.0308844343626362,4.4728950988543135,0.02934809243726371,4.692547437402811,54.851331819785614,48.75703997271978,10,6,4,3,0.500400285511289,19,13,0.005329875646285159,1.7619996826276354,1.421314393506844,3.353400799387475,0.6739455023347913,14.47056773884115,88.642277582368,0.9948550351637548,3.4170245784063615,-0.6798323374276434,0.09223219532912671,COMPLETE
29,138.3030405962556,2026-04-17 22:52:07.987078,2026-04-17 22:53:25.030930,0 days 00:01:17.043852,4.987197868831397,3.6067511356311335,0.03764530642801091,4.33083479631094,55.84299002868375,44.70039667589969,10,7,4,4,0.7006565369253661,18,13,0.0034393917283502286,1.939463191026931,0.8902791952474819,3.0312337836559795,0.6172010891874582,14.671711274665798,85.74063230592726,0.710722551233952,2.9524767531160956,-0.5469089245381292,0.07321933755072019,COMPLETE
30,145.2527672531074,2026-04-17 22:53:25.032924,2026-04-17 22:54:24.854287,0 days 00:00:59.821363,4.941720754132764,3.7460891692319254,0.055038765946662176,4.253259193390958,55.93730739650285,43.22730688697454,10,7,4,3,0.6951945943242848,18,14,0.003007829722448399,1.9468273668498595,0.9125000542444168,3.011968690231868,0.6112046431520124,14.669715008494148,85.06644764446905,0.7181392467303723,2.9311205097669544,-0.5828282914753352,0.061507149090109264,COMPLETE
31,166.63086346242878,2026-04-17 22:54:24.855287,2026-04-17 22:55:26.473626,0 days 00:01:01.618339,4.82153612569302,3.8367455297981494,0.05414703728993127,4.281069240898449,56.01413131890584,43.19328139461109,10,7,4,3,0.6900695430510998,18,14,0.003726993159732489,1.8995056539144581,0.9055834133338808,2.9789446375121873,0.6148384013549321,14.37407498211148,85.71173546987542,0.7131382830030841,2.903179812701247,-0.5481971537596414,0.059488745489227224,COMPLETE
32,120.34812663040204,2026-04-17 22:55:26.474578,2026-04-17 22:56:29.355522,0 days 00:01:02.880944,4.19785346201186,4.56583227554701,0.05490282920630012,4.2152325851640295,53.63603570791149,43.02997648251337,10,7,4,3,0.6207273975174767,18,14,0.0033326194929642378,1.9943912409185007,0.8986390995358722,2.9507690601326635,0.6042212908264507,14.565805054204963,85.50312488389173,0.7129233084391373,2.776738660352891,-0.605416930882463,0.05001151450746784,COMPLETE
33,113.22077093423796,2026-04-17 22:56:29.356524,2026-04-17 22:57:29.857765,0 days 00:01:00.501241,4.674904787589696,3.839457133741961,0.06116775467342296,4.990981895638758,51.51331033798358,43.72071514302256,10,6,4,3,0.7791020033802661,17,14,0.005273803629684615,1.7132165060445492,1.0809396124939397,3.280798148291473,0.774651367373682,17.483752673403483,86.66099239583805,0.6555998660171029,3.0267539837460857,-0.43964441968182155,0.06877456688661532,COMPLETE
34,116.33851764503468,2026-04-17 22:57:29.858758,2026-04-17 22:58:29.014791,0 days 00:00:59.156033,4.97988426006128,5.30050695612551,0.04677762173298149,4.217521820808048,56.13705908374599,40.97008785714434,10,7,4,2,0.6785367579317002,18,14,0.004352997497699151,1.8151971571422705,0.8210234653048392,3.0067119039132697,0.618112683955087,11.70138700960628,84.65156403811635,0.7450446478211672,2.3729458374880403,-0.3297606628168672,0.06349931965910942,COMPLETE
35,113.60330191862815,2026-04-17 22:58:29.016790,2026-04-17 22:59:27.221686,0 days 00:00:58.204896,3.9821778806763417,3.07621622584822,0.05396397100054539,4.6949766035800415,54.355548703248665,45.61736285124695,10,6,4,3,0.6390329789571132,17,14,0.003070740167119225,1.902340014412708,1.2026696416522094,2.816329348412516,0.6748959156374412,13.8366546142247,87.60685802219267,0.9670033111285009,3.247144863298841,-0.4688680195629398,0.0836850432569788,COMPLETE
36,128.30340846795514,2026-04-17 22:59:27.222682,2026-04-17 23:00:27.607111,0 days 00:01:00.384429,4.244617461261659,3.7865974741462307,0.06274702233087676,4.552028312170367,52.712761723911164,44.46281670444965,10,7,4,2,0.9959631110905053,18,14,0.005518250340038875,1.4981469953960715,1.6029757597827534,2.3829919741974463,0.8099951025554106,15.302998744649573,89.78959944194897,0.7674093341920013,2.718016339694283,-0.9558355894913675,0.05957714985593875,COMPLETE
37,116.83734978998592,2026-04-17 23:00:27.608111,2026-04-17 23:01:39.780617,0 days 00:01:12.172506,4.764558648316501,7.50496950161485,0.05879964374687566,4.075901850899851,55.30361329414031,48.026943569146525,10,6,3,4,0.7196898669951142,18,14,0.007287941349142967,1.9021464719924355,2.4952402277892856,3.387358554029818,0.7253857684449003,17.78062824579153,86.1588867787004,0.7374713243954625,2.5192433070014033,-0.752157908631697,0.10453844753918351,COMPLETE
38,0.0,2026-04-17 23:01:39.782735,2026-04-17 23:02:41.253021,0 days 00:01:01.470286,0.5852348210785676,2.466341591035687,0.05272883891679352,0.5049129661671419,56.55663679622205,41.32276724717244,11,7,4,2,0.7683547697818154,17,14,0.004396626114802063,1.6363038800360483,0.9312313288082245,1.555483042888273,0.5868251114528598,15.625214073676718,80.28217019995252,0.6721010954903448,3.0928780242412985,-0.6076334358411176,0.07776521520514657,COMPLETE
39,169.99165695534893,2026-04-17 23:02:41.253976,2026-04-17 23:03:47.458222,0 days 00:01:06.204246,3.15858338073919,4.350720840094008,0.04810226675931461,3.4592109291929916,53.62545025107146,43.08331977080065,10,7,4,3,0.6864216953423732,18,13,0.005790260214856171,1.513606200778149,1.7594018633171833,2.8866563586618215,0.6538056214739636,11.652667554004529,84.8255475190116,0.7813222235053968,3.245320865239277,-0.2701299747315689,0.09751153547130104,COMPLETE
40,0.0,2026-04-17 23:03:47.462216,2026-04-17 23:03:47.559274,0 days 00:00:00.097058,3.243981725319412,5.520127765014733,0.04861873219370851,3.435131340816712,51.86338845632214,51.97187264941026,10,6,3,4,0.6511309323067592,16,13,0.00956939960114511,1.4805544791910599,1.837256448950729,2.6902222314102167,1.4921160611251307,11.815107582250226,83.05315983041093,0.8402817241433395,3.2934848371302947,-0.28788454503551586,0.1009732886814309,COMPLETE
41,192.06860394523522,2026-04-17 23:03:47.562275,2026-04-17 23:05:01.688166,0 days 00:01:14.125891,2.895588064046487,4.347356234552146,0.045850724314226425,4.397571395924368,53.74423412974049,43.0938226275851,10,7,4,3,0.69653006586197,18,13,0.006035935438309443,1.6511946954641479,1.7719871698925078,2.9321085857916036,0.6401694862141636,13.73826779431648,84.81716852487837,0.7762912268422785,2.915849360724332,-0.44365145386508253,0.05611391127602787,COMPLETE
42,213.6318564106628,2026-04-17 23:05:01.690127,2026-04-17 23:06:14.830008,0 days 00:01:13.139881,3.0559324861949713,4.587548793268735,0.04606870339270891,4.527512247151085,53.49707396955071,41.91119545423393,10,7,4,3,0.7463175725828114,18,13,0.007667732411968791,1.6242499977401414,1.7863599416738154,2.873560928760889,0.6781232942044387,13.310231373441015,84.09520619409794,0.7949192716153216,3.588704808699146,-0.45281309240782536,0.09334580033059243,COMPLETE
43,206.3453911216525,2026-04-17 23:06:14.831965,2026-04-17 23:07:21.203479,0 days 00:01:06.371514,2.929400572761358,4.509562228966682,0.04644331540909316,4.548661954730166,53.46891200667202,41.8124185408338,10,7,4,2,0.7477840882077208,18,13,0.0059259975994708225,1.6307932896140198,1.7692129762251678,2.905300525251278,0.568117879546838,16.61489169477594,84.11613789830999,0.7933948623076155,3.3352022760537254,-0.4246174373205532,0.09599932440996006,COMPLETE
44,6.872604633569504,2026-04-17 23:07:21.204491,2026-04-17 23:08:19.567549,0 days 00:00:58.363058,3.0487034688712247,5.17599421296162,0.04518276835298907,1.136831828146817,53.49937466490926,40.01685396820878,10,7,4,2,0.753729415046404,17,13,0.007589931175803661,1.6186737475844246,1.778536848638412,2.862941183217764,0.5624355169876689,16.19757062577983,84.13896086806952,0.7867994525278922,3.5794221501494925,-0.4115500601418214,0.0948019828663096,COMPLETE
