number,value,datetime_start,datetime_complete,duration,params_be_lock,params_be_trigger,params_daily_loss_pct,params_ema_slope_cap,params_h1_rsi_max,params_h1_rsi_min,params_lon_close,params_lon_open,params_max_concurrent,params_max_consec,params_monday_lot,params_ny_close,params_ny_open,params_risk_pct,params_rsi_slope_gate,params_sl_atr_mult,params_sl_max_mult,params_sl_min_mult,params_stoch_bear_floor,params_stoch_bull_cap,params_thursday_lot,params_tp_rr,params_vol_min_z,params_weekly_dd_pct,state
45,222.2669085393431,2026-04-17 23:08:19.568549,2026-04-17 23:09:45.472472,0 days 00:01:25.903923,2.8049428298220778,4.364581650890621,0.03317395104296307,4.5625578805045715,50.43187008122375,41.71009993582596,13,7,4,2,0.8217591998283714,18,13,0.005995058238157205,1.712154616782807,1.9565522538361686,2.746687058296018,0.691970492604416,13.467444764080362,81.27990935628341,0.7837008122643341,3.375379777368254,-0.2600286640573379,0.08297001286946866,COMPLETE
46,166.67478644161622,2026-04-17 23:09:45.473473,2026-04-17 23:11:12.927969,0 days 00:01:27.454496,2.7737417694076387,5.866675737056576,0.03501051130373581,4.804318156141451,50.09744064984884,41.74352738430551,13,7,4,2,0.8480078925605712,18,13,0.007876913822447039,1.726336685999661,1.9525789277986951,2.6057870934047225,0.7170413078744613,16.99834595175096,80.830724788804,0.794730233945036,3.693906970267178,-0.8793241197515851,0.08094090311637961,COMPLETE
47,208.65578433533761,2026-04-17 23:11:12.929936,2026-04-17 23:12:25.924557,0 days 00:01:12.994621,2.514474454895503,4.7722645702785975,0.03186421931933797,4.5140724922012625,50.93593851638508,39.41723853915961,13,8,4,2,0.8122839846103602,17,13,0.00613068103004353,1.6425154506616437,2.081476672445543,2.7596576211773436,0.5436696989245827,13.647243252284511,79.48675396363706,0.8296469246389278,3.3641912663322637,-0.6984204306411124,0.08666042178793595,COMPLETE
48,152.12116352718172,2026-04-17 23:12:25.925557,2026-04-17 23:13:30.802728,0 days 00:01:04.877171,2.550547782747671,4.696447906748376,0.03198482059568781,4.576050119091277,49.55681471900595,38.82627552250844,13,8,4,2,0.9045991911905872,16,13,0.006280490154968326,1.6461493702331305,2.114725684641435,2.770930993846908,0.5561432872362589,13.594169258931844,78.31899562542712,0.8319243971988536,3.319667242916264,-0.7121677245153135,0.08748187201646286,COMPLETE
49,133.57048799907685,2026-04-17 23:13:30.803696,2026-04-17 23:14:43.384253,0 days 00:01:12.580557,2.9061002922777246,4.1904195805742726,0.02688006023470997,4.907452918208929,51.10904127803598,40.70773646397322,14,8,4,2,0.8287013053968623,17,13,0.007990317950989052,0.17997252084984516,1.9887627188114363,2.3876566951123688,0.5218416061809589,18.50184735709442,79.6355023282871,0.7599408535266878,3.1631823833732517,-0.4157043969718411,0.06939007338935908,COMPLETE
50,167.88542065981477,2026-04-17 23:14:43.386210,2026-04-17 23:15:56.668428,0 days 00:01:13.282218,3.5143067432883357,4.979277303564634,0.020934442555646006,4.589048918943717,52.174166620559824,39.036687080351705,13,8,4,2,0.7982094741635031,17,13,0.004766272136581893,1.8218995088129706,1.6590374098961918,2.75114015027332,0.742645320932743,15.5701071453698,75.72085935299123,0.8178451082766839,3.598285032370857,-0.8220386661488988,0.1071439763595431,COMPLETE
51,252.1048838846017,2026-04-17 23:15:56.669423,2026-04-17 23:17:22.162779,0 days 00:01:25.493356,2.9541116662905567,4.50594891233179,0.03266504775471495,4.5707420711263635,50.68681075881076,41.79107674746619,13,7,4,2,0.7340333004186814,18,13,0.005880166970396492,1.5927040907752805,2.105058720643296,2.6453336777780634,0.6543312392756723,12.560562663252934,81.46882981713364,0.8690765376312108,3.4511202273113843,-0.6657067292048526,0.08970340803343718,COMPLETE
52,160.49168251947538,2026-04-17 23:17:22.163778,2026-04-17 23:18:49.442329,0 days 00:01:27.278551,2.499222424650618,5.3955950324719195,0.032577063901737924,4.809816891106075,50.697856047480535,41.750825390628385,13,7,4,2,0.7304530879987591,18,13,0.0063390539297984525,1.7147566591405543,2.1161288710560133,2.642507320466859,0.5667831089725168,12.347637900530206,81.54310348776448,0.872279435346435,3.5460625878949905,-0.4885084130025473,0.09007759724569535,COMPLETE
53,194.64564896021372,2026-04-17 23:18:49.444329,2026-04-17 23:20:01.845846,0 days 00:01:12.401517,2.9467039976747955,4.518494473558696,0.02434404829366374,4.477327610334759,49.343289194485415,42.36205063339991,14,8,4,2,0.7530290122771941,17,13,0.006064319407013684,1.5737600782654777,2.2420794247788436,2.904609866344234,0.6933135316650583,11.128900161711133,78.47637652814969,0.8724187386197844,3.3867966071441273,-0.34378807079330065,0.0836144097769152,COMPLETE
54,68.27880681176458,2026-04-17 23:20:01.848817,2026-04-17 23:21:06.558211,0 days 00:01:04.709394,3.399379501613074,5.780551985576736,0.024527408715899514,4.0969151599275655,48.04410485642376,40.05569570954725,14,8,4,2,0.7913431479406492,16,13,0.009307336527848271,1.2144938196862132,2.2729945197600765,2.726770065816924,0.7048327685288266,10.908589807148658,78.93062514531005,0.8646612849656835,3.8004530353319517,-0.33785178963557,0.08346055462251964,COMPLETE
55,141.4322843775379,2026-04-17 23:21:06.559211,2026-04-17 23:22:23.076889,0 days 00:01:16.517678,2.9925655994225866,4.986736412003256,0.0298801538670704,3.837016958611352,49.09492948137508,38.040255744393676,14,8,4,2,0.7558068406425379,17,13,0.006842021664070152,1.5818536123484668,1.9463141399531692,2.8372333618089858,0.7781266891923018,19.899142597453423,80.59511750262664,0.907775303952987,3.3863761510423633,-0.6792313305177871,0.07522437748353514,COMPLETE
56,163.54982446938064,2026-04-17 23:22:23.078465,2026-04-17 23:23:43.350063,0 days 00:01:20.271598,2.340706796986284,4.5977538701708,0.026064490363734254,4.577553379658529,50.53475813386347,42.45529862247843,13,8,4,2,0.8808213692146307,17,13,0.004976984510928846,0.8293085399938729,2.2599969259166133,2.4163956119254295,0.6765637233810436,11.136695570236036,77.01131034925442,0.924352000364847,3.696365624013521,-0.2504221915438083,0.11393573582579553,COMPLETE
57,116.90183070972864,2026-04-17 23:23:43.352072,2026-04-17 23:24:49.837424,0 days 00:01:06.485352,2.6786453561419608,4.082014943851119,0.034051746829216495,4.901837645729231,49.846550905340216,39.62014829972644,12,8,4,2,0.8228547463435949,17,13,0.004114185354940576,0.3244444486149628,2.0767046251830448,2.555962553148006,0.5152477865489488,12.852974997418757,82.75776575774363,0.8284019181591608,3.5184449327874527,0.04389716598564736,0.1040301029852691,COMPLETE
58,0.0,2026-04-17 23:24:49.838423,2026-04-17 23:24:49.876943,0 days 00:00:00.038520,3.3431683662965455,4.88466967045141,0.020462017851793843,4.418632673676656,51.23136912293579,41.189369965420035,13,9,4,2,0.7402269990813931,16,13,0.008362685016021734,1.2993289297005806,2.4006969028181686,2.2959174816633268,0.8050763086804683,12.307578951470543,78.8562973186945,0.8808428521252483,1.671398875598429,-0.6472143076472668,0.08658983699624752,COMPLETE
59,30.64659243156781,2026-04-17 23:24:49.877942,2026-04-17 23:26:01.875767,0 days 00:01:11.997825,1.972355910701749,5.15251873755616,0.027642043182492443,1.4005143967343343,49.080744781568995,42.14709301025475,14,8,1,2,0.7775006155660158,17,13,0.012954733889450959,1.4563901706789326,2.208982291907748,3.0764660699912363,0.8543638205896246,12.92473828116905,81.63648491784306,0.8574666739290809,3.851570853346046,-0.3774817990011727,0.06888350653963099,COMPLETE
60,157.76455327440812,2026-04-17 23:26:01.876770,2026-04-17 23:27:28.771610,0 days 00:01:26.894840,3.752539488797576,4.491398865739864,0.023470485624255015,1.9623618001415069,52.889219346680385,40.39031510443835,13,8,4,2,0.8456313108086708,19,13,0.007228514515072795,1.5898617309078216,1.8905516864696226,2.7860000094696753,1.3351980423834187,16.48013679975969,77.58841549547363,0.7950587719806047,3.3222367695958392,-0.4958918029195942,0.07951095347642399,COMPLETE
61,157.56232966734552,2026-04-17 23:27:28.773565,2026-04-17 23:28:48.601499,0 days 00:01:19.827934,2.88879078670208,4.280535598766121,0.03980916993931529,4.431387781124822,52.04271859127907,44.02710064146398,12,7,4,3,0.7150720260409442,18,13,0.006200495447629481,1.7022633237795601,1.703525262593672,2.8917597973302542,0.6425535147911892,13.634739374191767,81.11249687621387,0.7660149802555478,3.153579696940606,-0.2067853675138875,0.09206062585704679,COMPLETE
62,252.93549516808287,2026-04-17 23:28:48.602499,2026-04-17 23:30:15.067874,0 days 00:01:26.465375,2.6496540953452703,4.405706989906462,0.05027475845221767,4.711594239626793,54.026866533060065,41.68989741989449,14,7,4,2,0.7667437480491927,18,13,0.005975612774008458,1.7910705198461134,2.0392385365728614,2.9237251135658764,0.57736513171499,15.241178466239132,80.04701023836799,0.822667569546509,3.4936700740256845,-0.7665530050111936,0.05358887153700695,COMPLETE
63,0.0,2026-04-17 23:30:15.068917,2026-04-17 23:30:15.106472,0 days 00:00:00.037555,3.163538677814553,4.743570985994446,0.05105387026993346,4.676889182220138,54.43179687456439,41.63499027899223,14,7,4,2,0.8083955961277476,18,13,0.006726867420650235,1.7653491493712046,2.0663568470739424,1.968047443844688,0.5771993212655325,13.30933930041467,80.0133232970938,0.822695692751722,3.6581372794420033,-0.7511213518721951,0.1179416477855906,COMPLETE
64,219.24340582489154,2026-04-17 23:30:15.107472,2026-04-17 23:31:41.598115,0 days 00:01:26.490643,2.580808761876229,4.155788711100608,0.03497758904479325,4.101451387829022,50.845899664205916,42.503990491029036,14,7,4,2,0.768279352601119,18,13,0.00483893918024505,1.7912282290790364,2.0375690233797377,2.6662119145278225,0.5416199725878319,15.3419334479179,82.35905612155196,0.8499728594842998,3.502567711450806,-0.8898544354303569,0.06596048291381053,COMPLETE
65,215.0121357994519,2026-04-17 23:31:41.599273,2026-04-17 23:33:07.458775,0 days 00:01:25.859502,2.2091636058487496,4.008295090170427,0.03534738885657227,4.833270439764443,50.840895683637235,40.84845516497745,14,7,4,2,0.8671026133841131,18,13,0.005046648208823587,1.8568648087483042,2.0294767996251624,2.6203594468745965,0.5345544433027756,15.269839597063855,82.46989353902897,0.8044351238548314,3.5144487044308086,-0.9895664257580514,0.06512010847640277,COMPLETE
66,286.5454397601928,2026-04-17 23:33:07.460732,2026-04-17 23:34:35.051654,0 days 00:01:27.590922,2.243078604273867,3.9968352415264277,0.0358772291842034,4.811703492953493,50.80795322013788,38.56893780902132,14,7,4,2,0.8851070814965071,18,13,0.004977155323858765,1.8516303631093542,2.1491567395128404,2.60817857560186,0.535184888920898,15.275129560053271,82.48116104123629,0.842294013046037,3.5078248710389914,-0.9059102622039261,0.06514906981186744,COMPLETE
67,228.20022644538824,2026-04-17 23:34:35.052668,2026-04-17 23:36:03.396800,0 days 00:01:28.344132,2.1997854633083325,4.053255988329998,0.03522632830268588,4.974131216358158,50.26587782722985,40.70536144588709,14,7,4,3,0.9183628375452231,18,12,0.004722772289541871,1.8472701096291044,2.004855715719801,2.476274670146002,0.5083787029820254,15.163400686402927,82.27984626318785,0.8479048733071637,3.498782179946566,-0.9135219928370407,0.06506887556920524,COMPLETE
68,293.16726586640607,2026-04-17 23:36:03.397758,2026-04-17 23:37:31.609245,0 days 00:01:28.211487,1.777813413020103,3.9992911897846697,0.03520253836842874,4.9753179805633865,50.31029214839533,38.62067917869364,14,7,4,2,0.9162989969293069,18,12,0.0037559055880438683,1.8523439529533479,2.0005945600704664,2.4780688589214583,0.5318954789737891,15.451196327723077,82.62760836835638,0.9085288109258448,3.4768825859199994,-0.9110129238885403,0.05319376428941211,COMPLETE
69,297.83204541178236,2026-04-17 23:37:31.610245,2026-04-17 23:39:00.900830,0 days 00:01:29.290585,1.783085176588093,4.151956348733475,0.0334592642729273,4.994430947690532,50.219406422411545,38.593530700416686,14,7,4,7,0.9163292420431756,18,12,0.0038276355427025142,1.841161849349463,2.156060791629764,2.475713916921582,0.5078102175400729,15.850279456152707,81.94760523060313,0.9114059968677456,3.7608276477214817,-0.9056188144634724,0.05380998545686181,COMPLETE
70,437.8769768495283,2026-04-17 23:39:00.902830,2026-04-17 23:40:36.260675,0 days 00:01:35.357845,1.7271161460041438,3.4240732721997826,0.029930518831964768,4.915908153486509,50.38296570167011,38.65728010614911,14,7,3,7,0.9198306921453945,19,12,0.0037648611602686707,1.9833751937660282,2.1603115297296083,2.463428383450937,0.5006755291205028,17.876222754870536,81.60337288446594,0.92327031710983,3.782662691593085,-0.9292737270420337,0.05285566114680142,COMPLETE
71,459.5769146089556,2026-04-17 23:40:36.261674,2026-04-17 23:42:11.876676,0 days 00:01:35.615002,1.8093514017412693,3.362178995963509,0.029286437605084616,4.999818920702677,50.11535414163218,38.48409682414413,14,7,3,7,0.9212879309199623,19,12,0.003892105905411287,1.9756216261110442,2.161246843381588,2.4668649522894897,0.5149234114068303,18.345955910105335,81.803265385022,0.9294537725941727,3.7673271240132498,-0.9209880799634446,0.05448975845304628,COMPLETE
72,393.628520641508,2026-04-17 23:42:11.877635,2026-04-17 23:43:48.354385,0 days 00:01:36.476750,1.7689212855110648,3.4093816962087953,0.030081408527249262,4.960418237330498,50.00969742788179,38.49337228884237,14,7,3,7,0.9265597124737269,20,12,0.00385673481069007,1.9565860821879855,2.160097469173568,2.475472766084182,0.5850178236003777,18.450130271410487,81.85434761301464,0.9384983839028456,3.774330238766228,-0.9145197197407459,0.05285342474030835,COMPLETE
73,341.9022884653335,2026-04-17 23:43:48.356355,2026-04-17 23:45:31.882201,0 days 00:01:43.525846,1.9019753110785358,3.4350513688846034,0.029957510485456987,4.993905447820322,48.38272100494266,38.4648422298165,14,7,3,7,0.9508183982265317,20,12,0.0038122687215895743,1.993130127657932,2.1754534803259915,2.264770388313503,0.5050436829758332,18.174371244199772,81.72456427614642,0.9358893670501167,3.7914214334136247,-0.8217574112346553,0.055041771374758235,COMPLETE
74,0.0,2026-04-17 23:45:31.884336,2026-04-17 23:45:31.923805,0 days 00:00:00.039469,1.7504902491361076,3.4044986641543753,0.02861317843482539,4.763225545524288,48.29797839067533,38.42680206046446,14,7,3,7,0.9524944216407066,20,12,0.00369076502667262,1.982601078054958,2.157919579320027,2.0740140280684702,0.5051934272601887,18.21286217493521,83.09868050098437,0.9344771528275321,3.88446536749229,-0.8226714496505747,0.052389423374279306,COMPLETE
75,0.0,2026-04-17 23:45:31.924808,2026-04-17 23:45:31.962405,0 days 00:00:00.037597,1.8829998152374394,3.115907607897483,0.03033543272039039,4.9957616894389965,48.79763513360507,38.54640996316253,14,7,3,7,0.9488016753906579,20,12,0.0040087233961464686,1.9439046744694535,2.339209410433985,2.2940614789515794,0.5938542742425765,19.48468136375556,81.92877753525651,0.9482639895553787,3.778480612577044,-0.9409639660939838,0.05546771545971686,COMPLETE
76,401.14333064058616,2026-04-17 23:45:31.963362,2026-04-17 23:47:14.126237,0 days 00:01:42.162875,1.5045910533341542,3.4709565366394246,0.030083278824782938,4.747039156097743,49.716255627235164,39.05417952614576,14,7,3,7,0.9706220852529289,20,12,0.003688200777936556,1.8640709033201162,2.165759016834931,2.321519402954911,0.5464854359034937,20.766010271503163,80.41354301922624,0.9718031189524048,3.7673356260515236,-0.8513538346996471,0.05011456237256854,COMPLETE
77,381.33424587753296,2026-04-17 23:47:14.127237,2026-04-17 23:49:07.622791,0 days 00:01:53.495554,1.657649736541893,3.450048215481095,0.030466616412687695,4.860224507094248,49.77888503292144,38.91558919206257,14,6,3,7,0.9684843413687382,20,12,0.0035809328474372057,1.9963130829228182,2.1863617378809894,2.295836145635612,0.5019720264838765,21.392431426667855,83.58776097935917,0.9819629146251151,3.9282126174629663,-0.8549648498407337,0.050893337264962826,COMPLETE
78,0.0,2026-04-17 23:49:07.623794,2026-04-17 23:49:07.668356,0 days 00:00:00.044562,1.470506661384856,3.4337066701972363,0.0311844413887696,4.874152578972355,49.71085546758768,39.2702919219345,14,6,3,7,0.9755294917210334,20,12,0.003608079535419913,1.981301318782592,2.3258927298735252,2.3042429564457114,0.5035763638629172,22.041683037997217,81.81263576003289,0.9807330991338229,3.8992757474516493,-0.8520021804103369,0.050088539446110074,COMPLETE
79,395.33564333998703,2026-04-17 23:49:07.670358,2026-04-17 23:50:59.609862,0 days 00:01:51.939504,1.6465678947956806,3.2616266646392518,0.02823435311460023,4.980409780514264,48.53116112378006,39.84205082297242,14,6,3,7,0.9286831440238571,20,12,0.004229878860375532,1.8929475925733652,2.191539039456429,2.4376963634380773,0.5963277376050206,20.9176387869965,80.62036188504136,0.9520877746391644,3.9961306423475067,-0.9848228621707373,0.058400215364258996,COMPLETE
80,0.0,2026-04-17 23:50:59.610867,2026-04-17 23:50:59.651465,0 days 00:00:00.040598,1.5726448389707133,2.745466683089781,0.025935977448301943,4.705205605677207,48.70682845978913,39.67406577868286,14,6,3,7,0.9338777202437301,20,11,0.0031649550389936344,1.9009812764040772,2.2013931082592157,2.16479455626338,0.5001378301974035,20.500922226210783,80.68220930718728,0.9763546783122786,3.785515171575457,-0.8053381487336179,0.059704630183705434,COMPLETE
81,398.6466205073456,2026-04-17 23:50:59.733774,2026-04-17 23:52:48.756938,0 days 00:01:49.023164,1.7473066081869901,3.2131345267246063,0.02836112223213958,4.987725117539218,49.941469317243474,38.983422845641606,14,6,3,6,0.9645380836066766,20,12,0.004029760046550792,1.9914022317746252,2.3054581564918486,2.44805906149752,0.5938721403303441,21.260703549039967,83.67987045116021,0.9487199031693296,3.9787242106084304,-0.9977716313545905,0.057387616988188464,COMPLETE
82,0.0,2026-04-17 23:52:48.757938,2026-04-17 23:52:48.800451,0 days 00:00:00.042513,1.233227892964786,3.2955568393303474,0.02785360737260714,2.8687081453981396,49.2937022664198,38.00571877101198,14,6,3,6,0.970061358799036,20,12,0.00421932758247628,1.9386773964356123,2.3802195014342358,2.222666260682686,0.6042920504557708,21.17966943045591,83.53139774245132,0.9499221261606464,3.9818115659111495,-0.9991560820870425,0.05775477255006948,COMPLETE
83,383.8462366809512,2026-04-17 23:52:49.124590,2026-04-17 23:54:38.354073,0 days 00:01:49.229483,2.051751376916969,3.12169400102686,0.03017468752983367,4.8539030586669485,48.547727036211064,39.16495870186395,14,6,3,7,0.9981737902399299,20,12,0.0044440878843270346,1.9955699017763953,2.3016489434924345,2.331770091088533,0.5579423404265572,23.15037591495922,80.98516975346648,0.9402053100755929,3.8387520117512306,-0.9481930372105896,0.05649586017562412,COMPLETE
84,0.0,2026-04-17 23:54:38.355073,2026-04-17 23:54:38.394070,0 days 00:00:00.038997,1.4445492671611178,3.0313744881119797,0.023003540159172043,4.688381614955597,48.04134764914053,39.03047561913732,14,6,3,7,0.997508013127546,20,12,0.015074189597852785,1.9972868522231237,2.4770515993978055,2.0942348474131194,0.6300950486336626,23.421154974634952,81.05455839755805,0.9392960936983509,3.8456530839790406,-0.8477664001671075,0.06131979707078983,COMPLETE
85,353.1214855968133,2026-04-17 23:54:38.489089,2026-04-17 23:56:31.668452,0 days 00:01:53.179363,2.029786974329675,3.224022209185819,0.03058548178112484,4.846437036739961,48.368125639835235,39.852653242771176,14,6,3,6,0.9656102310195371,20,12,0.004455643095046888,1.9216492574178115,2.3109321310862363,2.3402047535414816,0.5489895898567223,20.98495465851564,80.58248897195064,0.9608472382241842,3.932839018510601,-0.9514496985297352,0.0718737518799492,COMPLETE
86,359.3398079497293,2026-04-17 23:56:31.669454,2026-04-17 23:58:20.093092,0 days 00:01:48.423638,1.6555372737892573,2.530100033817942,0.0266731097556913,4.844242171444767,49.8834532992658,39.913975374259806,14,6,3,6,0.9784931054443236,20,12,0.004483683674518437,1.8936380406212494,2.300707585263454,2.3551524720723154,0.5919132571058847,22.743358474146056,80.31613281001634,0.9899261355378718,3.9899564667547573,-0.9595874337165742,0.05785471778240636,COMPLETE
87,0.0,2026-04-17 23:58:20.095045,2026-04-17 23:58:20.135040,0 days 00:00:00.039995,1.6697132602344926,2.212238116162129,0.026880686870365513,4.275873060729701,49.883418358395645,39.11051252355171,14,6,3,6,0.9830094127025298,20,12,0.0032574675504095964,1.8987341868981034,2.4292761023042653,2.4068745125041247,0.5846582838846407,22.965773520719974,80.23503871327729,0.9950426400986101,3.9694134927403164,-0.9570208876565759,0.05061489368206093,COMPLETE
88,253.57033059586303,2026-04-17 23:58:20.136040,2026-04-18 00:00:09.741378,0 days 00:01:49.605338,1.37852977821642,2.4448300601683473,0.028631215850767625,2.2811678009330874,51.63708924178144,40.280781621695134,14,6,3,7,0.9332926868894873,20,11,0.005340116342000548,1.8865684999755705,2.291888262324435,2.537171102995561,0.6064124423772818,22.881596031799138,83.59593269847241,0.9728538746621177,3.867979807188431,-0.9994831571952763,0.057682411206806956,COMPLETE
89,402.64852400714943,2026-04-18 00:00:09.742378,2026-04-18 00:01:53.270979,0 days 00:01:43.528601,0.9025498068315099,2.6633287335235476,0.022011167697831797,4.666687696737311,48.89335554464742,39.54298130433108,14,6,3,6,0.9857222370471604,19,12,0.003000364779427959,1.9569656310293828,2.212431405636239,2.419870168007553,1.2061151948806208,19.044129182518347,79.09632710042237,0.9862307369293991,3.7031465871696865,-0.7380207669098807,0.06215661198553335,COMPLETE
90,396.55477256186185,2026-04-18 00:01:53.271980,2026-04-18 00:03:33.319588,0 days 00:01:40.047608,0.8877045674542868,2.913856966509927,0.02184920092622381,4.665867913441523,48.79867026377561,39.43796464956702,14,6,3,7,0.9365415897728618,19,12,0.0030051049118006183,1.9501724216031104,2.2282508222595014,2.430587557379439,1.1326171948472643,19.02359166578675,83.05363533664516,0.9552405147405929,3.7183709760870727,-0.7402334424909203,0.062367251176715405,COMPLETE
