number,value,datetime_start,datetime_complete,duration,params_be_lock,params_be_trigger,params_daily_loss_pct,params_ema_slope_cap,params_h1_rsi_max,params_h1_rsi_min,params_lon_close,params_lon_open,params_max_concurrent,params_max_consec,params_monday_lot,params_ny_close,params_ny_open,params_risk_pct,params_rsi_slope_gate,params_sl_atr_mult,params_sl_max_mult,params_sl_min_mult,params_stoch_bear_floor,params_stoch_bull_cap,params_thursday_lot,params_tp_rr,params_vol_min_z,params_weekly_dd_pct,state
91,466.2688847978078,2026-04-18 00:03:33.320592,2026-04-18 00:05:15.833979,0 days 00:01:42.513387,0.7870869008182189,2.92489123539797,0.021824792913020884,4.689400010957587,48.9152057217457,39.3686599111098,14,6,3,7,0.960488059298554,19,12,0.0033972411120227405,1.9587568822232877,2.2355344343611376,2.4286890869069357,1.1963300684575173,19.07635909314513,82.98401950742357,0.9517237428628876,3.721308361757197,-0.7402372267925419,0.06122260861400091,COMPLETE
92,365.1834460022942,2026-04-18 00:05:15.834991,2026-04-18 00:06:57.564819,0 days 00:01:41.729828,0.747300015089523,2.899656236426834,0.02181497277379486,4.667411961832994,48.821828252501575,39.388178662709095,14,6,3,7,0.9351857632308977,19,12,0.0030197828711907714,1.9427399955187252,2.2506973724648867,2.4348664633216552,1.1637076069840704,19.15457637892821,79.13779174582763,0.9233845469202933,3.661396920541767,-0.732769925122098,0.062099506856594586,COMPLETE
93,280.57682982890117,2026-04-18 00:06:57.565820,2026-04-18 00:08:40.616607,0 days 00:01:43.050787,0.8693637433347652,2.9942410862296036,0.024819425553908044,4.329162842540593,49.1004882274756,38.25846510750897,14,6,3,7,0.9033269585341313,19,12,0.004234404508508353,1.769456409482964,2.360691976318979,2.5208558010593425,1.2306275340575858,20.1528103415868,84.41882188626083,0.952098285307123,3.716284228812046,-0.7834460600573908,0.07163094315904506,COMPLETE
94,0.0,2026-04-18 00:08:40.618618,2026-04-18 00:08:40.661117,0 days 00:00:00.042499,0.9964647706656677,2.657171609998727,0.02202013335545642,4.642033999477538,49.442048506529524,39.567387941928104,14,6,3,6,0.9864522461647061,19,12,0.0035062510334742626,1.960711808949087,2.2299574513639615,2.226433882178962,1.2635395812905215,19.064160823819577,83.01882633129289,0.9647955169649132,3.6220855282307083,0.6883624260970552,0.07640998507531771,COMPLETE
95,272.0807640556245,2026-04-18 00:08:40.662117,2026-04-18 00:10:22.154714,0 days 00:01:41.492597,1.129451707855467,2.7784183815033843,0.020259378567185564,4.735791390232644,48.525908257081895,39.194820799204045,14,6,3,7,0.8983368993097396,19,12,0.0030024840087746873,1.8775860538951097,2.4105344263551802,2.4467834280650753,1.1032806608668733,17.68921625178814,81.15323109206423,0.9006179792591298,3.831189566853157,-0.7837022538517449,0.06812478882539191,COMPLETE
96,318.030856070656,2026-04-18 00:10:22.156719,2026-04-18 00:12:02.084857,0 days 00:01:39.928138,0.7277338392809428,3.6960896708795654,0.06845699355373616,4.340499844179713,48.928270953554005,38.79490501293411,14,6,3,7,0.9400615238426182,19,12,0.004069107359323362,1.9366473317492274,2.4455420209896186,2.5656499870890004,1.1456090916601125,20.619834544752106,79.8257412053459,0.9429349362009016,3.7034933637946006,-0.631163654769118,0.06187197690152493,COMPLETE
97,229.65398657658096,2026-04-18 00:12:02.085858,2026-04-18 00:13:42.450852,0 days 00:01:40.364994,0.6212288189156752,2.3376198295058694,0.023863646487614524,4.74848364337214,49.44202910029026,40.43278234837595,14,6,3,7,0.9610755838939175,19,12,0.004607311024670373,0.6227742120233236,2.224976239134707,2.3412661684260216,1.1856642220276454,18.643017578451477,82.77873748260903,0.9577901785014452,3.74138334835893,-0.8740025468087341,0.05835536250275058,COMPLETE
98,410.85970289048475,2026-04-18 00:13:42.451848,2026-04-18 00:15:24.003875,0 days 00:01:41.552027,1.303124140162927,3.1624095621494286,0.02594467192467522,4.900336052768258,49.12690831990283,38.27008181381884,14,6,3,6,0.9909638552385571,19,12,0.0033603759779186303,1.8108181291379117,2.271910031721576,2.3687478593194227,1.2147066995391522,19.978571107567657,80.92569766507194,0.9219976155288692,3.9112856987703473,-0.7321258161556364,0.055783759636466285,COMPLETE
99,0.0,2026-04-18 00:15:24.005873,2026-04-18 00:17:04.871386,0 days 00:01:40.865513,1.2882584959509191,2.638124095059421,0.022714650258946603,4.166394731698711,50.00750159620139,38.280661846138145,14,6,3,6,0.9232009096151556,19,12,0.018314719423216327,1.8032193280066973,2.1249761383683925,2.379685199849772,1.2871612386269657,19.70089983598851,82.1143444113902,0.9253952600191075,3.647940375937204,-0.711273163637618,0.06247714157711641,COMPLETE
100,381.3920736475017,2026-04-18 00:17:04.872342,2026-04-18 00:18:41.649465,0 days 00:01:36.777123,1.1063345797632074,3.263895048855095,0.025411019851311188,4.4371214607573926,49.14923261550093,39.82717858841554,14,6,2,6,0.959302055729122,19,12,0.0034470541904812976,1.9498510376767924,2.3487516708992486,2.5260935406434655,1.2055269226561172,20.21718015923945,79.3035617028234,0.91740856365766,3.893080319730875,-0.7962532426917192,0.06721010678245638,COMPLETE
101,339.88836120544704,2026-04-18 00:18:41.650466,2026-04-18 00:20:23.134078,0 days 00:01:41.483612,1.5445258519503207,3.122962419095544,0.02756096675415132,4.89574351350775,48.63084457389402,39.366297659626746,14,6,3,7,0.9907713521801434,19,12,0.0033485462213570043,1.7467821829516263,2.277869112932025,2.438974705613582,1.3231299241590102,18.895672841035726,80.831903268123,0.932473878324694,3.7543961345172625,-0.919892624264216,0.05501899184103389,COMPLETE
102,293.0823642796695,2026-04-18 00:20:23.135079,2026-04-18 00:22:04.303874,0 days 00:01:41.168795,0.8133725457834106,2.8828053574031482,0.021775515399441503,4.618501665112339,49.62319869254696,38.840104023152925,14,6,3,7,0.9418192532589952,19,12,0.004137530784885369,1.8252970355993576,2.205151963870398,2.341142561422945,1.1144940720991343,21.5649445179467,81.44620304820863,0.9689878124980241,3.8295073095262055,-0.8637419718140652,0.056675968088270585,COMPLETE
103,323.0723966857085,2026-04-18 00:22:04.304870,2026-04-18 00:23:54.108289,0 days 00:01:49.803419,2.096064541589961,3.5660643000822896,0.029001583346138463,4.908490328929981,48.03725875413677,38.20462670324905,14,6,3,7,0.9981376993250133,20,12,0.005422296633378338,1.8730863875740038,2.1369481488233255,2.5812274205883132,1.062843418355907,19.4633199844842,78.25393927400049,0.987173654779479,3.929314877218463,-0.7274935907146107,0.06134823111060293,COMPLETE
104,398.3703814161793,2026-04-18 00:23:54.109290,2026-04-18 00:25:34.664533,0 days 00:01:40.555243,1.206532254608345,3.214924445222082,0.025607528135914225,4.761462821507572,49.35574742854003,39.605511266069215,14,6,3,6,0.9548539951534634,19,12,0.0038771033221952126,1.9203341990085225,2.244066114483924,2.4911018070942146,1.2043411049986443,17.16896383968155,83.19677231401036,0.8869355170991691,3.572309113647226,-0.9399721430603326,0.07077191466126342,COMPLETE
105,345.7320792559321,2026-04-18 00:25:34.666533,2026-04-18 00:27:14.557495,0 days 00:01:39.890962,1.207203439044317,2.964169099264656,0.025143260178956107,4.770858661337331,51.19290836140729,40.07721984375398,14,6,3,6,0.9260823471260008,19,12,0.003914822672992993,1.9186874210122526,2.0933867638331085,2.500943307878457,1.2134108175680223,17.309858808725338,83.39614748585562,0.8884117491944442,3.5896301900059457,-0.8239587310338273,0.06984211600173847,COMPLETE
106,0.0,2026-04-18 00:27:14.558494,2026-04-18 00:27:14.602154,0 days 00:00:00.043660,0.9576871482301388,3.8631341154734145,0.02409553383863953,4.531966645787869,49.4487343576213,49.827719299378906,14,6,3,5,0.897124842199506,19,12,0.017140544238066154,1.9551417709070609,2.255537373527699,2.3992431276005037,1.3809016117240003,18.055375737452174,83.89361164853436,0.8990384638247506,3.6804124014279562,0.3896864100750046,0.18768254568582643,COMPLETE
107,368.07261551410585,2026-04-18 00:27:14.604007,2026-04-18 00:28:55.926076,0 days 00:01:41.322069,1.3718142296597042,3.6916234204557425,0.02614112059645899,4.621894277156979,50.06293710118152,39.629128316042895,14,6,3,6,0.9613582239641905,19,12,0.00335980767420137,1.8202493755975555,2.187281169586582,2.2426686683221666,1.2617395452274922,16.796826917526538,83.02913416362013,0.9553626195886507,3.7316641750844517,-0.7588937117718288,0.07385934466836121,COMPLETE
108,332.8711441938806,2026-04-18 00:28:55.927075,2026-04-18 00:30:34.497256,0 days 00:01:38.570181,1.493557074185167,3.2191858915488996,0.02016438556261922,4.47084010230459,50.48330319114503,38.86277950452261,14,6,3,5,0.9772573003895102,19,12,0.005151567823881846,1.7587953122310105,2.2294704450380047,2.4500314090802577,1.176619170450237,18.70411172137546,82.81714804475575,0.9141984794662552,3.5651605652565546,-0.5295640270785806,0.06486891205703417,COMPLETE
109,353.02850394221633,2026-04-18 00:30:34.498255,2026-04-18 00:32:14.882663,0 days 00:01:40.384408,0.5108531086727366,2.011008559034202,0.027773142666039953,4.77315224532774,49.18398949775872,40.56178331194331,14,6,3,6,0.8719411914302224,19,11,0.0030101217034189695,1.9152904451437776,2.157727051657746,2.190229416119762,1.1340080501960959,20.55671196611386,84.44036297500517,0.928251537585152,3.926809260992557,-0.8796274447138659,0.05280902535546685,COMPLETE
110,245.68399083332145,2026-04-18 00:32:14.883663,2026-04-18 00:33:55.192168,0 days 00:01:40.308505,1.0632822545734018,3.526971363137347,0.021422808679514873,4.9116014056176525,48.901927836317,38.69900014580928,14,6,3,6,0.9553002203162326,19,12,0.003900811426999149,1.6789590010049753,2.0704469121002744,2.501123772068718,1.2878199486662447,20.874679853735508,79.76120908621658,0.9695056231036308,1.2755195969513313,-0.6343080113794177,0.05879978939748867,COMPLETE
111,353.046539957575,2026-04-18 00:33:55.194122,2026-04-18 00:35:45.681531,0 days 00:01:50.487409,1.964165263318884,3.1179883523859697,0.023222690025122627,4.818371152932164,48.30170691445494,39.22333327504844,14,6,3,7,0.9109680463501626,20,12,0.004575587992162551,1.9673061085025405,2.3060065604315905,2.3807602407269113,1.203794561818187,21.868803704488542,81.38798959816613,0.9996213896977848,3.8248605145636443,-0.9443812413883717,0.05521533373738773,COMPLETE
112,0.0,2026-04-18 00:35:45.684527,2026-04-18 00:35:45.758573,0 days 00:00:00.074046,1.824825376722147,2.8188155353837545,0.031922671150722726,4.9029660136833755,48.61313723853001,38.285582457913215,14,6,3,7,0.9888147294763429,20,12,0.004304206191272243,1.871436822175403,2.3672636431284007,2.326091222967627,1.2493218316097985,18.37540272082962,80.86821907785055,0.9436082033722646,3.7890846594784757,-0.976202987923217,0.06008203143166264,COMPLETE
113,402.1513627784749,2026-04-18 00:35:45.759575,2026-04-18 00:37:34.338711,0 days 00:01:48.579136,1.2122993841513467,3.366268015132276,0.028468798510869094,4.658603251331531,49.62778563560613,39.51728251715056,14,6,3,7,0.9726490071232431,20,12,0.0035207994522680293,1.995370715993546,2.282662000990021,2.4199654780461928,1.1552218565490673,23.876260292261573,82.11621963478186,0.5728536877123367,3.626174596013163,-0.9251516208165376,0.05227836242227932,COMPLETE
114,395.32044736124124,2026-04-18 00:37:34.339703,2026-04-18 00:39:23.312099,0 days 00:01:48.972396,0.910977757687405,6.785915597857118,0.02877443972781447,4.656252973553211,49.65666025972471,40.19175486583752,14,6,3,7,0.9420538669207205,20,12,0.003537486131881499,1.9159198086994365,2.2746324057863347,2.4188140077860054,1.067970866680606,17.935430162820044,82.09392319629856,0.9591487501929667,3.6145054379217205,-0.9037980943921042,0.06379160076128317,COMPLETE
115,429.19941769468574,2026-04-18 00:39:23.313100,2026-04-18 00:41:06.075128,0 days 00:01:42.762028,0.913510090017905,6.435238155530166,0.025291695988778343,4.365557878555058,49.56376040861851,40.19840514106774,14,6,3,7,0.9416448600885563,19,12,0.0034502050791699232,1.8631179465326164,2.256062912809219,2.419000017276951,1.0565173243534953,17.78267446342855,82.25279810887771,0.6349747236581723,3.6421778014896264,-0.8278902190533703,0.06383815258508395,COMPLETE
116,328.96307071242705,2026-04-18 00:41:06.076127,2026-04-18 00:42:47.953897,0 days 00:01:41.877770,1.193678611275851,7.534021540930755,0.025389855055292232,4.334715419031686,48.96997970903606,39.52099398261357,14,6,3,7,0.9693202264367284,19,12,0.004825987640291068,1.841970024915362,2.33333733999107,2.576695312418711,1.1215052548623,24.082803806271567,80.4420719967684,0.5446666112506509,2.3329577989642853,-0.8479939600903749,0.05016810375204897,COMPLETE
117,396.94688765326646,2026-04-18 00:42:47.954874,2026-04-18 00:44:30.907539,0 days 00:01:42.952665,0.6428424490345552,6.74285241741463,0.023847362915037838,4.452197812422095,49.4060421331745,40.971913514495895,14,6,3,6,0.9486288708454469,19,12,0.003341068929088636,1.791553299504973,2.2152987400813138,2.274741200229579,1.031021885240151,17.092279065895426,83.25870285016964,0.613242468771281,3.995896538491713,-0.6839552771375931,0.06852319330080707,COMPLETE
118,0.0,2026-04-18 00:44:30.909540,2026-04-18 00:44:30.975457,0 days 00:00:00.065917,0.595934520583468,6.696130221918643,0.023048891899779538,4.196429048300056,49.29041162537341,41.18702150546953,13,6,3,6,0.9449487328145554,19,12,0.003316855013890271,1.8084525902965878,2.3894604020621113,2.259332870077078,1.156782904745908,17.091135965298534,83.20890120677599,0.612658860638408,1.9637334112942189,-0.6812382952963784,0.07128419192108333,COMPLETE
119,0.0,2026-04-18 00:44:30.975963,2026-04-18 00:44:31.025487,0 days 00:00:00.049524,0.8271589374391562,2.5885423649519184,0.024668252308999848,4.501553533035932,50.26369005091084,39.0563051945733,14,6,3,6,0.9800022125241412,19,12,0.0037177012353413535,1.0921106673741032,2.2545512886089005,2.1080396451031262,0.9746751174778765,17.625496118791173,83.87715041081672,0.5701801578792962,3.708311090655414,-0.6061154203246527,0.07799821202419618,COMPLETE
120,0.0,2026-04-18 00:44:31.026578,2026-04-18 00:44:31.076002,0 days 00:00:00.049424,0.6647792966970887,6.309738511057419,0.026784700908408447,3.937822076685017,49.59237612294045,39.54085162442417,14,6,3,5,0.9683908288410146,19,12,0.005585333219588891,1.7718155155738289,2.2341780866253957,2.182207364196522,1.0100584462358968,19.397089204836973,82.49755144526951,0.6276994335580164,3.653223373940502,-0.7622030998574718,0.06684089854706188,COMPLETE
121,389.42785340987257,2026-04-18 00:44:31.077001,2026-04-18 00:46:12.719575,0 days 00:01:41.642574,1.0058112708858022,6.994446660238362,0.022583418406142197,4.766583316555204,49.269341783977744,39.83206083727507,14,6,3,6,0.9517466181010511,19,12,0.00409613629036952,1.8718753705745872,2.1262169679055427,2.3748837838425056,1.0422474751387902,19.792160655350862,85.18154697643668,0.6439043053250887,3.882748875662983,-0.8021767413870935,0.06392688528645511,COMPLETE
122,338.3350051721754,2026-04-18 00:46:12.721548,2026-04-18 00:47:55.033840,0 days 00:01:42.312292,0.791243735444181,7.264127578495175,0.023909146615975072,4.607739591589164,48.83507524677061,40.202961297610976,14,6,3,7,0.9344658279801609,19,12,0.003318503227953602,1.9957974403788885,2.1954324964176966,2.4200742757100113,1.0833804004794054,20.140529271955142,82.66266703245772,0.5892585956019623,3.9890072941024304,-0.8698255617773897,0.16384057565758328,COMPLETE
123,389.9839280580817,2026-04-18 00:47:55.035793,2026-04-18 00:49:33.059858,0 days 00:01:38.024065,1.262229956524222,3.269746716532498,0.027797379043905533,4.459577778382799,50.466807799957586,39.78672486607625,14,6,3,7,0.9562435573218295,19,12,0.003616023597311273,1.918731054367662,2.2086698886433,2.2747001351037817,0.9525329071991884,22.40637279886516,82.24656005648878,0.598129699077124,3.9032601400871587,-0.7093782727745769,0.059724597726807396,COMPLETE
124,0.0,2026-04-18 00:49:33.061815,2026-04-18 00:49:33.105329,0 days 00:00:00.043514,0.9284173859815428,6.227749016169482,0.021241915019851582,4.689316332812224,49.760806297954666,40.951754755230226,14,6,3,6,0.9092253156317531,19,12,0.0039930689073596455,1.8605240826648082,2.277893663316574,1.6910916616918932,1.2298346403322038,24.752282913686013,81.67789775186013,0.573429169246067,3.9474429120323076,-0.9970728569643798,0.05375247913581663,COMPLETE
125,296.17239126386005,2026-04-18 00:49:33.400136,2026-04-18 00:51:20.646536,0 days 00:01:47.246400,1.1553375715328222,6.939352281227352,0.025955795358454506,4.9939561456106025,48.22839669734504,40.53282188184833,14,6,3,7,0.9261590986446917,19,12,0.0046834670059381555,1.9560919698344241,2.330673005074109,2.4720076868562604,1.1803521470290868,16.288724845132844,84.1731352464331,0.5744575149355969,3.994074367913714,-0.8214470198754119,0.06779226230592256,COMPLETE
126,308.48738178224363,2026-04-18 00:51:20.647493,2026-04-18 00:53:03.086107,0 days 00:01:42.438614,1.4289707386802584,2.9681318887381907,0.028920378719953864,4.5448952168556955,50.1493779435531,38.958740521977354,14,6,3,7,0.9741298747770863,19,12,0.0031412303347168407,1.8248296302013687,2.1788504155086454,2.5002368192012527,1.096532736233128,17.361274300260334,83.3261728149612,0.6215431809995664,3.855356038522709,-0.9264612693687941,0.05689003767781438,COMPLETE
127,203.55675190551324,2026-04-18 00:53:03.088108,2026-04-18 00:54:44.696629,0 days 00:01:41.608521,0.7037677406064476,6.056586286343333,0.03173451252807217,4.403064050074578,49.515518421907935,39.38644404500578,14,6,3,6,0.8912790633678749,19,12,0.004256898735403039,1.7362068398748802,1.5555480925969678,2.5524540755878515,1.1936252204013145,19.051232025025325,81.21605258461535,0.5399487054617358,3.7568878757792343,-0.6590003277938006,0.062394870116541254,COMPLETE
128,269.98226799497496,2026-04-18 00:54:44.697605,2026-04-18 00:56:24.849034,0 days 00:01:40.151429,1.3136231511368135,6.521042559631618,0.02730871744803256,4.760838284732249,49.03591872776438,38.02487249819552,14,6,3,7,0.9467921718703187,20,12,0.0030270071968093327,0.993180940528243,2.110387107726254,2.369237904089633,1.0286653327736388,17.921680399274447,82.97926986368617,0.5154298635442981,3.548830290320256,-0.7456605543257583,0.052670223634689504,COMPLETE
129,264.3308408586809,2026-04-18 00:56:24.849990,2026-04-18 00:58:01.643715,0 days 00:01:36.793725,1.0344536557110788,3.369964518168338,0.02486020947186412,3.1695928615586455,48.740594742700566,40.03537730970544,14,6,3,7,0.9864678914960342,19,12,0.0036221386903553423,1.8813007712909933,2.2282145969072222,2.3060904798319046,1.1424711502577831,16.878931348429997,83.73928090024404,0.6785508891011404,3.6244452014009862,-0.5746072486512517,0.05949245195640385,COMPLETE
130,372.00292426463966,2026-04-18 00:58:01.644711,2026-04-18 00:59:35.810586,0 days 00:01:34.165875,1.5148237620570217,2.7181357069847927,0.03366982430034447,4.865095516488391,49.827932205371695,38.699279022043555,14,6,2,6,0.9557735498861504,19,12,0.004910387315359829,1.9174114524439554,2.4433799466045434,2.4509661420641455,1.233846020520994,18.592404513329473,82.34684854564622,0.5626675424118235,3.8124347436800963,-0.8879357017122883,0.07208221920351282,COMPLETE
131,419.97479393551583,2026-04-18 00:59:35.811599,2026-04-18 01:01:19.044516,0 days 00:01:43.232917,0.9068294341380893,6.597609297826157,0.028913305989356524,4.674871978623767,49.56273456098084,40.29007834359061,14,6,3,7,0.9435632530551826,20,12,0.0034913886220455615,1.9112166230076382,2.272712901856793,2.423276497700385,0.9973719602847992,17.637076476721685,81.92234428504118,0.9806231120667722,3.5886215096733944,-0.9578315414312852,0.06360578572886187,COMPLETE
132,379.4838826795869,2026-04-18 01:01:19.046537,2026-04-18 01:03:02.169655,0 days 00:01:43.123118,0.8783506874546312,6.466788704770403,0.02613615258085684,4.62885921272411,49.37914862817674,39.28203027629501,14,6,3,7,0.9640988704199727,20,12,0.0038670048539442003,1.9997487502675892,2.293193324200531,2.5356504399902224,0.895447178191616,17.511947024458802,81.75686627566787,0.976017982484661,3.694423714196401,-0.9655740611860738,0.06611664032377983,COMPLETE
133,155.57338142636172,2026-04-18 01:03:02.170638,2026-04-18 01:04:42.434135,0 days 00:01:40.263497,1.696408514016877,7.188622406990427,0.029270339005569464,0.8114998747532083,48.48725007813798,40.423810660256905,14,6,3,7,0.9332731413597939,20,12,0.0033936460750375254,1.9559296957116545,2.250140378804749,2.3986912427143254,0.9903768218121483,19.33210388841392,82.10477810046005,0.9851910758493225,3.727108942452538,-0.839613884101887,0.05000862978675405,COMPLETE
134,272.9314195895686,2026-04-18 01:04:42.435143,2026-04-18 01:06:25.029512,0 days 00:01:42.594369,0.7613595359816521,3.032869290562444,0.02367225718473483,4.792884040090011,49.220899717766784,39.70426815074077,14,6,3,7,0.9812212356585222,20,12,0.004410420528269279,1.7927881869565168,2.1877958258474974,2.4172840353102956,1.2174156127141231,18.837396227541536,81.40029991043653,0.6099226387417797,3.5699153969537774,-0.9342384456012436,0.05562291234584333,COMPLETE
135,491.1285455891849,2026-04-18 01:06:25.030514,2026-04-18 01:08:08.825750,0 days 00:01:43.795236,1.0791898224791139,6.808604897339564,0.030905352179370016,4.995372752059791,57.47153845416523,40.72148806110507,14,6,3,7,0.916447071441615,20,12,0.0037050522016499362,1.9048386309834162,2.373482870784392,2.60502221708483,0.93622388062501,19.665921979759425,82.5269279721048,0.9518414299395969,3.4242466597872587,-0.7986579830628074,0.07501033296379336,COMPLETE
136,487.20418688079474,2026-04-18 01:08:08.826762,2026-04-18 01:09:53.177498,0 days 00:01:44.350736,1.080861866332322,6.876282562488632,0.03148477783905396,4.693432609220402,57.50226501109494,40.84656066064228,14,6,3,7,0.9443293421736468,20,12,0.0036439087094758,1.8545045440064964,2.3524291792596803,2.6111319180102885,1.0240431602097673,18.257523892816742,82.63442441079161,0.9618527355372921,3.635392420425157,-0.7857076691181293,0.07495978984341012,COMPLETE
